0 info it worked if it ends with ok
1 verbose cli [ '/Users/Niccie/.asdf/installs/nodejs/6.10.2/bin/node',
1 verbose cli   '/Users/Niccie/.asdf/installs/nodejs/6.10.2/bin/npm',
1 verbose cli   'run',
1 verbose cli   'coverage' ]
2 info using npm@3.10.10
3 info using node@v6.10.2
4 verbose run-script [ 'precoverage', 'coverage', 'postcoverage' ]
5 info lifecycle advanceapp@1.0.0~precoverage: advanceapp@1.0.0
6 silly lifecycle advanceapp@1.0.0~precoverage: no script for precoverage, continuing
7 info lifecycle advanceapp@1.0.0~coverage: advanceapp@1.0.0
8 verbose lifecycle advanceapp@1.0.0~coverage: unsafe-perm in lifecycle true
9 verbose lifecycle advanceapp@1.0.0~coverage: PATH: /Users/Niccie/.asdf/installs/nodejs/6.10.2/lib/node_modules/npm/bin/node-gyp-bin:/Users/Niccie/workspace/NewsApp/node_modules/.bin:/Users/Niccie/.asdf/installs/nodejs/6.10.2/bin:/Users/Niccie/.asdf/bin:/Users/Niccie/.asdf/shims:/usr/local/bin:/usr/bin:/bin:/usr/sbin:/sbin:/Users/Niccie/.asdf/bin:/Users/Niccie/.asdf/shims
10 verbose lifecycle advanceapp@1.0.0~coverage: CWD: /Users/Niccie/workspace/NewsApp
11 silly lifecycle advanceapp@1.0.0~coverage: Args: [ '-c', 'coveralls  < coverage/lcov.info' ]
12 silly lifecycle advanceapp@1.0.0~coverage: Returned: code: 1  signal: null
13 info lifecycle advanceapp@1.0.0~coverage: Failed to exec coverage script
14 verbose stack Error: advanceapp@1.0.0 coverage: `coveralls  < coverage/lcov.info`
14 verbose stack Exit status 1
14 verbose stack     at EventEmitter.<anonymous> (/Users/Niccie/.asdf/installs/nodejs/6.10.2/lib/node_modules/npm/lib/utils/lifecycle.js:255:16)
14 verbose stack     at emitTwo (events.js:106:13)
14 verbose stack     at EventEmitter.emit (events.js:191:7)
14 verbose stack     at ChildProcess.<anonymous> (/Users/Niccie/.asdf/installs/nodejs/6.10.2/lib/node_modules/npm/lib/utils/spawn.js:40:14)
14 verbose stack     at emitTwo (events.js:106:13)
14 verbose stack     at ChildProcess.emit (events.js:191:7)
14 verbose stack     at maybeClose (internal/child_process.js:886:16)
14 verbose stack     at Process.ChildProcess._handle.onexit (internal/child_process.js:226:5)
15 verbose pkgid advanceapp@1.0.0
16 verbose cwd /Users/Niccie/workspace/NewsApp
17 error Darwin 15.6.0
18 error argv "/Users/Niccie/.asdf/installs/nodejs/6.10.2/bin/node" "/Users/Niccie/.asdf/installs/nodejs/6.10.2/bin/npm" "run" "coverage"
19 error node v6.10.2
20 error npm  v3.10.10
21 error code ELIFECYCLE
22 error advanceapp@1.0.0 coverage: `coveralls  < coverage/lcov.info`
22 error Exit status 1
23 error Failed at the advanceapp@1.0.0 coverage script 'coveralls  < coverage/lcov.info'.
23 error Make sure you have the latest version of node.js and npm installed.
23 error If you do, this is most likely a problem with the advanceapp package,
23 error not with npm itself.
23 error Tell the author that this fails on your system:
23 error     coveralls  < coverage/lcov.info
23 error You can get information on how to open an issue for this project with:
23 error     npm bugs advanceapp
23 error Or if that isn't available, you can get their info via:
23 error     npm owner ls advanceapp
23 error There is likely additional logging output above.
24 verbose exit [ 1, true ]
